<?xml version="1.0" encoding="UTF-8"?>
<testsuite name="uk.co.huntersix.spring.rest.ApplicationTest" tests="1" skipped="0" failures="0" errors="0" timestamp="2021-11-12T13:51:56" hostname="Murats-MBP-2" time="0.233">
  <properties/>
  <testcase name="contextLoads" classname="uk.co.huntersix.spring.rest.ApplicationTest" time="0.233"/>
  <system-out><![CDATA[13:51:54.134 [Test worker] DEBUG org.springframework.test.context.junit4.SpringJUnit4ClassRunner - SpringJUnit4ClassRunner constructor called with [class uk.co.huntersix.spring.rest.ApplicationTest]
13:51:54.140 [Test worker] DEBUG org.springframework.test.context.BootstrapUtils - Instantiating CacheAwareContextLoaderDelegate from class [org.springframework.test.context.cache.DefaultCacheAwareContextLoaderDelegate]
13:51:54.148 [Test worker] DEBUG org.springframework.test.context.BootstrapUtils - Instantiating BootstrapContext using constructor [public org.springframework.test.context.support.DefaultBootstrapContext(java.lang.Class,org.springframework.test.context.CacheAwareContextLoaderDelegate)]
13:51:54.164 [Test worker] DEBUG org.springframework.test.context.BootstrapUtils - Instantiating TestContextBootstrapper for test class [uk.co.huntersix.spring.rest.ApplicationTest] from class [org.springframework.boot.test.context.SpringBootTestContextBootstrapper]
13:51:54.173 [Test worker] INFO org.springframework.boot.test.context.SpringBootTestContextBootstrapper - Neither @ContextConfiguration nor @ContextHierarchy found for test class [uk.co.huntersix.spring.rest.ApplicationTest], using SpringBootContextLoader
13:51:54.176 [Test worker] DEBUG org.springframework.test.context.support.AbstractContextLoader - Did not detect default resource location for test class [uk.co.huntersix.spring.rest.ApplicationTest]: class path resource [uk/co/huntersix/spring/rest/ApplicationTest-context.xml] does not exist
13:51:54.177 [Test worker] DEBUG org.springframework.test.context.support.AbstractContextLoader - Did not detect default resource location for test class [uk.co.huntersix.spring.rest.ApplicationTest]: class path resource [uk/co/huntersix/spring/rest/ApplicationTestContext.groovy] does not exist
13:51:54.177 [Test worker] INFO org.springframework.test.context.support.AbstractContextLoader - Could not detect default resource locations for test class [uk.co.huntersix.spring.rest.ApplicationTest]: no resource found for suffixes {-context.xml, Context.groovy}.
13:51:54.178 [Test worker] INFO org.springframework.test.context.support.AnnotationConfigContextLoaderUtils - Could not detect default configuration classes for test class [uk.co.huntersix.spring.rest.ApplicationTest]: ApplicationTest does not declare any static, non-private, non-final, nested classes annotated with @Configuration.
13:51:54.236 [Test worker] DEBUG org.springframework.test.context.support.ActiveProfilesUtils - Could not find an 'annotation declaring class' for annotation type [org.springframework.test.context.ActiveProfiles] and class [uk.co.huntersix.spring.rest.ApplicationTest]
13:51:54.332 [Test worker] DEBUG org.springframework.context.annotation.ClassPathScanningCandidateComponentProvider - Identified candidate component class: file [/Users/maksa/playground/java-spring-restful-api-test/build/classes/java/main/uk/co/huntersix/spring/rest/Application.class]
13:51:54.333 [Test worker] INFO org.springframework.boot.test.context.SpringBootTestContextBootstrapper - Found @SpringBootConfiguration uk.co.huntersix.spring.rest.Application for test class uk.co.huntersix.spring.rest.ApplicationTest
13:51:54.426 [Test worker] DEBUG org.springframework.boot.test.context.SpringBootTestContextBootstrapper - @TestExecutionListeners is not present for class [uk.co.huntersix.spring.rest.ApplicationTest]: using defaults.
13:51:54.426 [Test worker] INFO org.springframework.boot.test.context.SpringBootTestContextBootstrapper - Loaded default TestExecutionListener class names from location [META-INF/spring.factories]: [org.springframework.boot.test.autoconfigure.restdocs.RestDocsTestExecutionListener, org.springframework.boot.test.autoconfigure.web.client.MockRestServiceServerResetTestExecutionListener, org.springframework.boot.test.autoconfigure.web.servlet.MockMvcPrintOnlyOnFailureTestExecutionListener, org.springframework.boot.test.autoconfigure.web.servlet.WebDriverTestExecutionListener, org.springframework.boot.test.mock.mockito.MockitoTestExecutionListener, org.springframework.boot.test.mock.mockito.ResetMocksTestExecutionListener, org.springframework.test.context.web.ServletTestExecutionListener, org.springframework.test.context.support.DirtiesContextBeforeModesTestExecutionListener, org.springframework.test.context.support.DependencyInjectionTestExecutionListener, org.springframework.test.context.support.DirtiesContextTestExecutionListener, org.springframework.test.context.transaction.TransactionalTestExecutionListener, org.springframework.test.context.jdbc.SqlScriptsTestExecutionListener]
13:51:54.435 [Test worker] DEBUG org.springframework.boot.test.context.SpringBootTestContextBootstrapper - Skipping candidate TestExecutionListener [org.springframework.test.context.transaction.TransactionalTestExecutionListener] due to a missing dependency. Specify custom listener classes or make the default listener classes and their required dependencies available. Offending class: [org/springframework/transaction/TransactionDefinition]
13:51:54.435 [Test worker] DEBUG org.springframework.boot.test.context.SpringBootTestContextBootstrapper - Skipping candidate TestExecutionListener [org.springframework.test.context.jdbc.SqlScriptsTestExecutionListener] due to a missing dependency. Specify custom listener classes or make the default listener classes and their required dependencies available. Offending class: [org/springframework/transaction/interceptor/TransactionAttribute]
13:51:54.435 [Test worker] INFO org.springframework.boot.test.context.SpringBootTestContextBootstrapper - Using TestExecutionListeners: [org.springframework.test.context.web.ServletTestExecutionListener@62dd1625, org.springframework.test.context.support.DirtiesContextBeforeModesTestExecutionListener@5bcb9f0e, org.springframework.boot.test.mock.mockito.MockitoTestExecutionListener@226ff7b3, org.springframework.boot.test.autoconfigure.SpringBootDependencyInjectionTestExecutionListener@29eaad9c, org.springframework.test.context.support.DirtiesContextTestExecutionListener@238ceaba, org.springframework.boot.test.autoconfigure.restdocs.RestDocsTestExecutionListener@24b8222a, org.springframework.boot.test.autoconfigure.web.client.MockRestServiceServerResetTestExecutionListener@79378b61, org.springframework.boot.test.autoconfigure.web.servlet.MockMvcPrintOnlyOnFailureTestExecutionListener@54d5f96, org.springframework.boot.test.autoconfigure.web.servlet.WebDriverTestExecutionListener@4150bcbf, org.springframework.boot.test.mock.mockito.ResetMocksTestExecutionListener@249c7fcd]
13:51:54.438 [Test worker] DEBUG org.springframework.test.annotation.ProfileValueUtils - Retrieved @ProfileValueSourceConfiguration [null] for test class [uk.co.huntersix.spring.rest.ApplicationTest]
13:51:54.439 [Test worker] DEBUG org.springframework.test.annotation.ProfileValueUtils - Retrieved ProfileValueSource type [class org.springframework.test.annotation.SystemProfileValueSource] for class [uk.co.huntersix.spring.rest.ApplicationTest]
13:51:54.439 [Test worker] DEBUG org.springframework.test.annotation.ProfileValueUtils - Retrieved @ProfileValueSourceConfiguration [null] for test class [uk.co.huntersix.spring.rest.ApplicationTest]
13:51:54.440 [Test worker] DEBUG org.springframework.test.annotation.ProfileValueUtils - Retrieved ProfileValueSource type [class org.springframework.test.annotation.SystemProfileValueSource] for class [uk.co.huntersix.spring.rest.ApplicationTest]
13:51:54.444 [Test worker] DEBUG org.springframework.test.context.support.AbstractDirtiesContextTestExecutionListener - Before test class: context [DefaultTestContext@74d7c8bd testClass = ApplicationTest, testInstance = [null], testMethod = [null], testException = [null], mergedContextConfiguration = [WebMergedContextConfiguration@2fec0e3a testClass = ApplicationTest, locations = '{}', classes = '{class uk.co.huntersix.spring.rest.Application}', contextInitializerClasses = '[]', activeProfiles = '{}', propertySourceLocations = '{}', propertySourceProperties = '{org.springframework.boot.test.context.SpringBootTestContextBootstrapper=true}', contextCustomizers = set[org.springframework.boot.test.autoconfigure.properties.PropertyMappingContextCustomizer@0, org.springframework.boot.test.autoconfigure.web.servlet.WebDriverContextCustomizerFactory$Customizer@68a35e4d, org.springframework.boot.test.context.filter.ExcludeFilterContextCustomizer@96a33a3, org.springframework.boot.test.json.DuplicateJsonObjectContextCustomizerFactory$DuplicateJsonObjectContextCustomizer@7aaeb0e1, org.springframework.boot.test.mock.mockito.MockitoContextCustomizer@0, org.springframework.boot.test.web.client.TestRestTemplateContextCustomizer@4aa92169], resourceBasePath = 'src/main/webapp', contextLoader = 'org.springframework.boot.test.context.SpringBootContextLoader', parent = [null]], attributes = map['org.springframework.test.context.web.ServletTestExecutionListener.activateListener' -> true]], class annotated with @DirtiesContext [false] with mode [null].
13:51:54.445 [Test worker] DEBUG org.springframework.test.annotation.ProfileValueUtils - Retrieved @ProfileValueSourceConfiguration [null] for test class [uk.co.huntersix.spring.rest.ApplicationTest]
13:51:54.445 [Test worker] DEBUG org.springframework.test.annotation.ProfileValueUtils - Retrieved ProfileValueSource type [class org.springframework.test.annotation.SystemProfileValueSource] for class [uk.co.huntersix.spring.rest.ApplicationTest]
13:51:54.462 [Test worker] DEBUG org.springframework.test.context.support.TestPropertySourceUtils - Adding inlined properties to environment: {spring.jmx.enabled=false, org.springframework.boot.test.context.SpringBootTestContextBootstrapper=true, server.port=-1}

  .   ____          _            __ _ _
 /\\ / ___'_ __ _ _(_)_ __  __ _ \ \ \ \
( ( )\___ | '_ | '_| | '_ \/ _` | \ \ \ \
 \\/  ___)| |_)| | | | | || (_| |  ) ) ) )
  '  |____| .__|_| |_|_| |_\__, | / / / /
 =========|_|==============|___/=/_/_/_/
 :: Spring Boot ::        (v2.1.6.RELEASE)

2021-11-12 13:51:54.680  INFO 65007 --- [    Test worker] u.c.h.spring.rest.ApplicationTest        : Starting ApplicationTest on Murats-MBP-2 with PID 65007 (started by maksa in /Users/maksa/playground/java-spring-restful-api-test)
2021-11-12 13:51:54.682  INFO 65007 --- [    Test worker] u.c.h.spring.rest.ApplicationTest        : No active profile set, falling back to default profiles: default
2021-11-12 13:51:55.522  INFO 65007 --- [    Test worker] trationDelegate$BeanPostProcessorChecker : Bean 'application' of type [uk.co.huntersix.spring.rest.Application$$EnhancerBySpringCGLIB$$b5165f5a] is not eligible for getting processed by all BeanPostProcessors (for example: not eligible for auto-proxying)
2021-11-12 13:51:56.128  INFO 65007 --- [    Test worker] o.s.s.concurrent.ThreadPoolTaskExecutor  : Initializing ExecutorService 'applicationTaskExecutor'
2021-11-12 13:51:56.488  INFO 65007 --- [    Test worker] u.c.h.spring.rest.ApplicationTest        : Started ApplicationTest in 2.017 seconds (JVM running for 2.876)
]]></system-out>
  <system-err><![CDATA[]]></system-err>
</testsuite>
