<?xml version="1.0" encoding="UTF-8"?>
<testsuite name="uk.co.huntersix.spring.rest.controller.SmokeTest" tests="1" skipped="0" failures="0" errors="0" timestamp="2021-11-12T13:51:58" hostname="Murats-MBP-2" time="0.006">
  <properties/>
  <testcase name="contexLoads" classname="uk.co.huntersix.spring.rest.controller.SmokeTest" time="0.006"/>
  <system-out><![CDATA[2021-11-12 13:51:58.555  INFO 65007 --- [    Test worker] .b.t.c.SpringBootTestContextBootstrapper : Neither @ContextConfiguration nor @ContextHierarchy found for test class [uk.co.huntersix.spring.rest.controller.SmokeTest], using SpringBootContextLoader
2021-11-12 13:51:58.557  INFO 65007 --- [    Test worker] o.s.t.c.support.AbstractContextLoader    : Could not detect default resource locations for test class [uk.co.huntersix.spring.rest.controller.SmokeTest]: no resource found for suffixes {-context.xml, Context.groovy}.
2021-11-12 13:51:58.557  INFO 65007 --- [    Test worker] t.c.s.AnnotationConfigContextLoaderUtils : Could not detect default configuration classes for test class [uk.co.huntersix.spring.rest.controller.SmokeTest]: SmokeTest does not declare any static, non-private, non-final, nested classes annotated with @Configuration.
2021-11-12 13:51:58.561  INFO 65007 --- [    Test worker] .b.t.c.SpringBootTestContextBootstrapper : Found @SpringBootConfiguration uk.co.huntersix.spring.rest.Application for test class uk.co.huntersix.spring.rest.controller.SmokeTest
2021-11-12 13:51:58.566  INFO 65007 --- [    Test worker] .b.t.c.SpringBootTestContextBootstrapper : Loaded default TestExecutionListener class names from location [META-INF/spring.factories]: [org.springframework.boot.test.autoconfigure.restdocs.RestDocsTestExecutionListener, org.springframework.boot.test.autoconfigure.web.client.MockRestServiceServerResetTestExecutionListener, org.springframework.boot.test.autoconfigure.web.servlet.MockMvcPrintOnlyOnFailureTestExecutionListener, org.springframework.boot.test.autoconfigure.web.servlet.WebDriverTestExecutionListener, org.springframework.boot.test.mock.mockito.MockitoTestExecutionListener, org.springframework.boot.test.mock.mockito.ResetMocksTestExecutionListener, org.springframework.test.context.web.ServletTestExecutionListener, org.springframework.test.context.support.DirtiesContextBeforeModesTestExecutionListener, org.springframework.test.context.support.DependencyInjectionTestExecutionListener, org.springframework.test.context.support.DirtiesContextTestExecutionListener, org.springframework.test.context.transaction.TransactionalTestExecutionListener, org.springframework.test.context.jdbc.SqlScriptsTestExecutionListener]
2021-11-12 13:51:58.575  INFO 65007 --- [    Test worker] .b.t.c.SpringBootTestContextBootstrapper : Using TestExecutionListeners: [org.springframework.test.context.web.ServletTestExecutionListener@1edb323f, org.springframework.test.context.support.DirtiesContextBeforeModesTestExecutionListener@285292e7, org.springframework.boot.test.mock.mockito.MockitoTestExecutionListener@d9d592f, org.springframework.boot.test.autoconfigure.SpringBootDependencyInjectionTestExecutionListener@6844dc2a, org.springframework.test.context.support.DirtiesContextTestExecutionListener@2fc941d7, org.springframework.boot.test.autoconfigure.restdocs.RestDocsTestExecutionListener@13b02b63, org.springframework.boot.test.autoconfigure.web.client.MockRestServiceServerResetTestExecutionListener@74834c1b, org.springframework.boot.test.autoconfigure.web.servlet.MockMvcPrintOnlyOnFailureTestExecutionListener@3ae87b2d, org.springframework.boot.test.autoconfigure.web.servlet.WebDriverTestExecutionListener@5f4a425e, org.springframework.boot.test.mock.mockito.ResetMocksTestExecutionListener@4db391e7]
]]></system-out>
  <system-err><![CDATA[]]></system-err>
</testsuite>
